# JRE version: Java(TM) SE Runtime Environment (8.0_221-b11) (build 1.8.0_221-b11)
# Java VM: Java HotSpot(TM) 64-Bit Server VM (25.221-b11 mixed mode windows-amd64 compressed oops)
Heap:
 PSYoungGen      total 36864K, used 11388K [0x00000000d7380000, 0x00000000d9c80000, 0x0000000100000000)
  eden space 31744K, 19% used [0x00000000d7380000,0x00000000d799f4d0,0x00000000d9280000)
  from space 5120K, 99% used [0x00000000d9280000,0x00000000d977fd90,0x00000000d9780000)
  to   space 5120K, 0% used [0x00000000d9780000,0x00000000d9780000,0x00000000d9c80000)
 ParOldGen       total 51200K, used 10337K [0x0000000085a00000, 0x0000000088c00000, 0x00000000d7380000)
  object space 51200K, 20% used [0x0000000085a00000,0x00000000864185c0,0x0000000088c00000)
 Metaspace       used 23492K, capacity 24898K, committed 25088K, reserved 1071104K
  class space    used 3248K, capacity 3548K, committed 3584K, reserved 1048576K
GC Heap History (8 events):
Event: 0.956 GC heap before
{Heap before GC invocations=1 (full 0):
 PSYoungGen      total 36864K, used 31624K [0x00000000d7380000, 0x00000000d9c80000, 0x0000000100000000)
  eden space 31744K, 99% used [0x00000000d7380000,0x00000000d92621f0,0x00000000d9280000)
  from space 5120K, 0% used [0x00000000d9780000,0x00000000d9780000,0x00000000d9c80000)
  to   space 5120K, 0% used [0x00000000d9280000,0x00000000d9280000,0x00000000d9780000)
 ParOldGen       total 84992K, used 0K [0x0000000085a00000, 0x000000008ad00000, 0x00000000d7380000)
  object space 84992K, 0% used [0x0000000085a00000,0x0000000085a00000,0x000000008ad00000)
 Metaspace       used 15715K, capacity 16528K, committed 16640K, reserved 1062912K
  class space    used 2340K, capacity 2514K, committed 2560K, reserved 1048576K
Event: 0.960 GC heap after
Heap after GC invocations=1 (full 0):
 PSYoungGen      total 36864K, used 4386K [0x00000000d7380000, 0x00000000d9c80000, 0x0000000100000000)
  eden space 31744K, 0% used [0x00000000d7380000,0x00000000d7380000,0x00000000d9280000)
  from space 5120K, 85% used [0x00000000d9280000,0x00000000d96c8ab0,0x00000000d9780000)
  to   space 5120K, 0% used [0x00000000d9780000,0x00000000d9780000,0x00000000d9c80000)
 ParOldGen       total 84992K, used 80K [0x0000000085a00000, 0x000000008ad00000, 0x00000000d7380000)
  object space 84992K, 0% used [0x0000000085a00000,0x0000000085a14010,0x000000008ad00000)
 Metaspace       used 15715K, capacity 16528K, committed 16640K, reserved 1062912K
  class space    used 2340K, capacity 2514K, committed 2560K, reserved 1048576K
}
Event: 4.200 GC heap before
{Heap before GC invocations=2 (full 0):
 PSYoungGen      total 36864K, used 25385K [0x00000000d7380000, 0x00000000d9c80000, 0x0000000100000000)
  eden space 31744K, 66% used [0x00000000d7380000,0x00000000d8801b38,0x00000000d9280000)
  from space 5120K, 85% used [0x00000000d9280000,0x00000000d96c8ab0,0x00000000d9780000)
  to   space 5120K, 0% used [0x00000000d9780000,0x00000000d9780000,0x00000000d9c80000)
 ParOldGen       total 84992K, used 80K [0x0000000085a00000, 0x000000008ad00000, 0x00000000d7380000)
  object space 84992K, 0% used [0x0000000085a00000,0x0000000085a14010,0x000000008ad00000)
 Metaspace       used 20226K, capacity 21220K, committed 21248K, reserved 1067008K
  class space    used 2851K, capacity 3057K, committed 3072K, reserved 1048576K
Event: 4.206 GC heap after
Heap after GC invocations=2 (full 0):
 PSYoungGen      total 36864K, used 5088K [0x00000000d7380000, 0x00000000d9c80000, 0x0000000100000000)
  eden space 31744K, 0% used [0x00000000d7380000,0x00000000d7380000,0x00000000d9280000)
  from space 5120K, 99% used [0x00000000d9780000,0x00000000d9c78050,0x00000000d9c80000)
  to   space 5120K, 0% used [0x00000000d9280000,0x00000000d9280000,0x00000000d9780000)
 ParOldGen       total 84992K, used 7346K [0x0000000085a00000, 0x000000008ad00000, 0x00000000d7380000)
  object space 84992K, 8% used [0x0000000085a00000,0x000000008612c8d8,0x000000008ad00000)
 Metaspace       used 20226K, capacity 21220K, committed 21248K, reserved 1067008K
  class space    used 2851K, capacity 3057K, committed 3072K, reserved 1048576K
}
Event: 4.206 GC heap before
{Heap before GC invocations=3 (full 1):
 PSYoungGen      total 36864K, used 5088K [0x00000000d7380000, 0x00000000d9c80000, 0x0000000100000000)
  eden space 31744K, 0% used [0x00000000d7380000,0x00000000d7380000,0x00000000d9280000)
  from space 5120K, 99% used [0x00000000d9780000,0x00000000d9c78050,0x00000000d9c80000)
  to   space 5120K, 0% used [0x00000000d9280000,0x00000000d9280000,0x00000000d9780000)
 ParOldGen       total 84992K, used 7346K [0x0000000085a00000, 0x000000008ad00000, 0x00000000d7380000)
  object space 84992K, 8% used [0x0000000085a00000,0x000000008612c8d8,0x000000008ad00000)
 Metaspace       used 20226K, capacity 21220K, committed 21248K, reserved 1067008K
  class space    used 2851K, capacity 3057K, committed 3072K, reserved 1048576K
Event: 4.232 GC heap after
Heap after GC invocations=3 (full 1):
 PSYoungGen      total 36864K, used 0K [0x00000000d7380000, 0x00000000d9c80000, 0x0000000100000000)
  eden space 31744K, 0% used [0x00000000d7380000,0x00000000d7380000,0x00000000d9280000)
  from space 5120K, 0% used [0x00000000d9780000,0x00000000d9780000,0x00000000d9c80000)
  to   space 5120K, 0% used [0x00000000d9280000,0x00000000d9280000,0x00000000d9780000)
 ParOldGen       total 51200K, used 10305K [0x0000000085a00000, 0x0000000088c00000, 0x00000000d7380000)
  object space 51200K, 20% used [0x0000000085a00000,0x0000000086410460,0x0000000088c00000)
 Metaspace       used 20226K, capacity 21220K, committed 21248K, reserved 1067008K
  class space    used 2851K, capacity 3057K, committed 3072K, reserved 1048576K
}
Event: 32.292 GC heap before
{Heap before GC invocations=4 (full 1):
 PSYoungGen      total 36864K, used 31744K [0x00000000d7380000, 0x00000000d9c80000, 0x0000000100000000)
  eden space 31744K, 100% used [0x00000000d7380000,0x00000000d9280000,0x00000000d9280000)
  from space 5120K, 0% used [0x00000000d9780000,0x00000000d9780000,0x00000000d9c80000)
  to   space 5120K, 0% used [0x00000000d9280000,0x00000000d9280000,0x00000000d9780000)
 ParOldGen       total 51200K, used 10305K [0x0000000085a00000, 0x0000000088c00000, 0x00000000d7380000)
  object space 51200K, 20% used [0x0000000085a00000,0x0000000086410460,0x0000000088c00000)
 Metaspace       used 23316K, capacity 24698K, committed 24832K, reserved 1071104K
  class space    used 3247K, capacity 3546K, committed 3584K, reserved 1048576K
Event: 32.297 GC heap after
Heap after GC invocations=4 (full 1):
 PSYoungGen      total 36864K, used 5119K [0x00000000d7380000, 0x00000000d9c80000, 0x0000000100000000)
  eden space 31744K, 0% used [0x00000000d7380000,0x00000000d7380000,0x00000000d9280000)
  from space 5120K, 99% used [0x00000000d9280000,0x00000000d977fd90,0x00000000d9780000)
  to   space 5120K, 0% used [0x00000000d9780000,0x00000000d9780000,0x00000000d9c80000)
 ParOldGen       total 51200K, used 10337K [0x0000000085a00000, 0x0000000088c00000, 0x00000000d7380000)
  object space 51200K, 20% used [0x0000000085a00000,0x00000000864185c0,0x0000000088c00000)
 Metaspace       used 23316K, capacity 24698K, committed 24832K, reserved 1071104K
  class space    used 3247K, capacity 3546K, committed 3584K, reserved 1048576K
}

